<?xml version="1.0" encoding="UTF-8"?>
<!-- Generated by org.testng.reporters.JUnitReportReporter -->
<testsuite hostname="sree" failures="0" tests="1" name="demo.MyClass" time="7.536" errors="0" timestamp="2020-08-30T21:15:21 CDT" skipped="0">
  <testcase classname="demo.MyClass" name="TC001" time="7.536"/>
  <system-out/>
</testsuite> <!-- demo.MyClass -->
